07:35:19.846679  INFO application: emane -r -d -l 3 -f persist/1/var/log/emane.log platform1.xml 
07:35:19.846792  INFO application uuid: 1846f5f3-265b-4bd5-8cb2-2587ee507363
07:35:19.847157  INFO TRANSPORTI 001 VirtualTransport::configure address: 10.200.0.2
07:35:19.847171  INFO TRANSPORTI 001 VirtualTransport::configure mask: 255.255.255.0
07:35:19.847176  INFO TRANSPORTI 001 VirtualTransport::configure arpcacheenable: 1
07:35:19.847180  INFO TRANSPORTI 001 VirtualTransport::configure arpmodeenable: 1
07:35:19.847185  INFO TRANSPORTI 001 VirtualTransport::configure bitrate: 0
07:35:19.847189  INFO TRANSPORTI 001 VirtualTransport::configure broadcastmodeenable: 0
07:35:19.847192  INFO TRANSPORTI 001 VirtualTransport::configure device: emane0
07:35:19.847196  INFO TRANSPORTI 001 VirtualTransport::configure devicepath: /dev/net/tun
07:35:19.847201  INFO TRANSPORTI 001 VirtualTransport::configure flowcontrolenable: 0
07:35:19.847461  INFO NEMManagerImpl::configure controlportendpoint: 0.0.0.0:47000
07:35:19.847473  INFO NEMManagerImpl::configure eventservicedevice: eth0
07:35:19.847478  INFO NEMManagerImpl::configure eventservicegroup: 224.1.2.8:45703
07:35:19.847483  INFO NEMManagerImpl::configure otamanagerchannelenable: on
07:35:19.847486  INFO NEMManagerImpl::configure otamanagerdevice: eth0
07:35:19.847490  INFO NEMManagerImpl::configure otamanagergroup: 224.1.2.8:45702
07:35:19.847493  INFO NEMManagerImpl::configure eventservicettl: 1
07:35:19.847497  INFO NEMManagerImpl::configure otamanagerloopback: off
07:35:19.847501  INFO NEMManagerImpl::configure otamanagermtu: 0
07:35:19.847504  INFO NEMManagerImpl::configure otamanagerpartcheckthreshold = 2
07:35:19.847508  INFO NEMManagerImpl::configure otamanagerparttimeoutthreshold = 5
07:35:19.847511  INFO NEMManagerImpl::configure otamanagerttl: 1
07:35:19.847516  INFO NEMManagerImpl::configure stats.event.maxeventcountrows: 0
07:35:19.847519  INFO NEMManagerImpl::configure stats.ota.maxeventcountrows: 0
07:35:19.847529  INFO NEMManagerImpl::configure stats.ota.maxpacketcountrows: 0
